{"C:\\Users\\Tol\\WebstormProjects\\colony-keeper-api-v2\\src\\server.ts": {"path":"C:\\Users\\Tol\\WebstormProjects\\colony-keeper-api-v2\\src\\server.ts","statementMap":{"0":{"start":{"line":1,"column":0},"end":{"line":1,"column":46}},"1":{"start":{"line":4,"column":0},"end":{"line":4,"column":64}},"2":{"start":{"line":5,"column":0},"end":{"line":5,"column":90}},"3":{"start":{"line":9,"column":38},"end":{"line":9,"column":40}},"4":{"start":{"line":11,"column":4},"end":{"line":22,"column":7}},"5":{"start":{"line":12,"column":8},"end":{"line":21,"column":11}},"6":{"start":{"line":13,"column":12},"end":{"line":15,"column":null}},"7":{"start":{"line":14,"column":16},"end":{"line":14,"column":31}},"8":{"start":{"line":17,"column":12},"end":{"line":20,"column":14}},"9":{"start":{"line":24,"column":4},"end":{"line":24,"column":16}},"10":{"start":{"line":27,"column":25},"end":{"line":39,"column":2}},"11":{"start":{"line":41,"column":13},"end":{"line":55,"column":3}},"12":{"start":{"line":47,"column":16},"end":{"line":51,"column":18}},"13":{"start":{"line":49,"column":24},"end":{"line":49,"column":63}}},"fnMap":{"0":{"name":"mergeResolvers","decl":{"start":{"line":8,"column":9},"end":{"line":8,"column":23}},"loc":{"start":{"line":8,"column":57},"end":{"line":25,"column":1}}},"1":{"name":"(anonymous_1)","decl":{"start":{"line":11,"column":22},"end":{"line":11,"column":23}},"loc":{"start":{"line":11,"column":62},"end":{"line":22,"column":5}}},"2":{"name":"(anonymous_2)","decl":{"start":{"line":12,"column":38},"end":{"line":12,"column":39}},"loc":{"start":{"line":12,"column":60},"end":{"line":21,"column":9}}},"3":{"name":"(anonymous_3)","decl":{"start":{"line":46,"column":29},"end":{"line":46,"column":34}},"loc":{"start":{"line":46,"column":72},"end":{"line":52,"column":13}}},"4":{"name":"(anonymous_4)","decl":{"start":{"line":48,"column":36},"end":{"line":48,"column":41}},"loc":{"start":{"line":48,"column":62},"end":{"line":50,"column":21}}}},"branchMap":{"0":{"loc":{"start":{"line":13,"column":12},"end":{"line":15,"column":null}},"type":"if","locations":[{"start":{"line":13,"column":12},"end":{"line":15,"column":null}}]}},"s":{"0":2,"1":2,"2":2,"3":2,"4":2,"5":2,"6":2,"7":2,"8":2,"9":2,"10":2,"11":2,"12":2,"13":0},"f":{"0":2,"1":2,"2":2,"3":2,"4":0},"b":{"0":[2]}}
,"C:\\Users\\Tol\\WebstormProjects\\colony-keeper-api-v2\\src\\DataSources\\DatabaseContext.ts": {"path":"C:\\Users\\Tol\\WebstormProjects\\colony-keeper-api-v2\\src\\DataSources\\DatabaseContext.ts","statementMap":{"0":{"start":{"line":1,"column":0},"end":{"line":1,"column":38}},"1":{"start":{"line":3,"column":0},"end":{"line":3,"column":46}},"2":{"start":{"line":4,"column":0},"end":{"line":4,"column":69}},"3":{"start":{"line":5,"column":0},"end":{"line":5,"column":71}},"4":{"start":{"line":6,"column":0},"end":{"line":6,"column":67}},"5":{"start":{"line":7,"column":0},"end":{"line":7,"column":67}},"6":{"start":{"line":19,"column":12},"end":{"line":19,"column":48}},"7":{"start":{"line":20,"column":12},"end":{"line":20,"column":40}},"8":{"start":{"line":23,"column":8},"end":{"line":25,"column":null}},"9":{"start":{"line":24,"column":12},"end":{"line":24,"column":62}},"10":{"start":{"line":27,"column":8},"end":{"line":27,"column":41}},"11":{"start":{"line":31,"column":8},"end":{"line":33,"column":null}},"12":{"start":{"line":32,"column":12},"end":{"line":32,"column":19}},"13":{"start":{"line":35,"column":8},"end":{"line":43,"column":null}},"14":{"start":{"line":36,"column":12},"end":{"line":36,"column":58}},"15":{"start":{"line":38,"column":12},"end":{"line":40,"column":null}},"16":{"start":{"line":39,"column":16},"end":{"line":39,"column":71}},"17":{"start":{"line":42,"column":12},"end":{"line":42,"column":19}},"18":{"start":{"line":45,"column":30},"end":{"line":45,"column":75}},"19":{"start":{"line":47,"column":8},"end":{"line":53,"column":11}},"20":{"start":{"line":55,"column":8},"end":{"line":55,"column":45}},"21":{"start":{"line":57,"column":8},"end":{"line":57,"column":34}},"22":{"start":{"line":59,"column":8},"end":{"line":59,"column":31}},"23":{"start":{"line":63,"column":8},"end":{"line":63,"column":56}},"24":{"start":{"line":67,"column":8},"end":{"line":76,"column":null}},"25":{"start":{"line":68,"column":12},"end":{"line":73,"column":14}},"26":{"start":{"line":75,"column":12},"end":{"line":75,"column":27}},"27":{"start":{"line":9,"column":0},"end":{"line":9,"column":13}}},"fnMap":{"0":{"name":"(anonymous_1)","decl":{"start":{"line":9,"column":0},"end":{"line":9,"column":13}},"loc":{"start":{"line":9,"column":0},"end":{"line":78,"column":1}}},"1":{"name":"(anonymous_2)","decl":{"start":{"line":22,"column":11},"end":{"line":22,"column":17}},"loc":{"start":{"line":22,"column":26},"end":{"line":28,"column":5}}},"2":{"name":"(anonymous_3)","decl":{"start":{"line":30,"column":11},"end":{"line":30,"column":16}},"loc":{"start":{"line":30,"column":22},"end":{"line":60,"column":5}}},"3":{"name":"(anonymous_4)","decl":{"start":{"line":62,"column":11},"end":{"line":62,"column":16}},"loc":{"start":{"line":62,"column":20},"end":{"line":64,"column":5}}},"4":{"name":"(anonymous_5)","decl":{"start":{"line":66,"column":12},"end":{"line":66,"column":17}},"loc":{"start":{"line":66,"column":30},"end":{"line":77,"column":5}}}},"branchMap":{"0":{"loc":{"start":{"line":23,"column":8},"end":{"line":25,"column":null}},"type":"if","locations":[{"start":{"line":23,"column":8},"end":{"line":25,"column":null}}]},"1":{"loc":{"start":{"line":31,"column":8},"end":{"line":33,"column":null}},"type":"if","locations":[{"start":{"line":31,"column":8},"end":{"line":33,"column":null}}]},"2":{"loc":{"start":{"line":35,"column":8},"end":{"line":43,"column":null}},"type":"if","locations":[{"start":{"line":35,"column":8},"end":{"line":43,"column":null}}]},"3":{"loc":{"start":{"line":38,"column":12},"end":{"line":40,"column":null}},"type":"if","locations":[{"start":{"line":38,"column":12},"end":{"line":40,"column":null}}]},"4":{"loc":{"start":{"line":45,"column":37},"end":{"line":45,"column":74}},"type":"binary-expr","locations":[{"start":{"line":45,"column":37},"end":{"line":45,"column":57}},{"start":{"line":45,"column":61},"end":{"line":45,"column":74}}]}},"s":{"0":2,"1":2,"2":2,"3":2,"4":2,"5":2,"6":2,"7":2,"8":25,"9":2,"10":25,"11":5,"12":3,"13":2,"14":0,"15":0,"16":0,"17":0,"18":2,"19":2,"20":2,"21":2,"22":2,"23":0,"24":2,"25":2,"26":0,"27":2},"f":{"0":2,"1":25,"2":5,"3":0,"4":2},"b":{"0":[2],"1":[3],"2":[0],"3":[0],"4":[2,0]}}
,"C:\\Users\\Tol\\WebstormProjects\\colony-keeper-api-v2\\src\\Repositories\\AlertDatabaseRepository.ts": {"path":"C:\\Users\\Tol\\WebstormProjects\\colony-keeper-api-v2\\src\\Repositories\\AlertDatabaseRepository.ts","statementMap":{"0":{"start":{"line":1,"column":0},"end":{"line":1,"column":51}},"1":{"start":{"line":10,"column":8},"end":{"line":10,"column":40}},"2":{"start":{"line":14,"column":30},"end":{"line":18,"column":10}},"3":{"start":{"line":20,"column":8},"end":{"line":25,"column":11}},"4":{"start":{"line":21,"column":12},"end":{"line":24,"column":15}},"5":{"start":{"line":29,"column":30},"end":{"line":32,"column":10}},"6":{"start":{"line":34,"column":8},"end":{"line":34,"column":30}},"7":{"start":{"line":36,"column":8},"end":{"line":36,"column":33}},"8":{"start":{"line":38,"column":8},"end":{"line":38,"column":21}},"9":{"start":{"line":42,"column":8},"end":{"line":46,"column":11}},"10":{"start":{"line":6,"column":0},"end":{"line":6,"column":13}}},"fnMap":{"0":{"name":"(anonymous_0)","decl":{"start":{"line":9,"column":4},"end":{"line":9,"column":24}},"loc":{"start":{"line":9,"column":56},"end":{"line":11,"column":5}}},"1":{"name":"(anonymous_1)","decl":{"start":{"line":13,"column":11},"end":{"line":13,"column":16}},"loc":{"start":{"line":13,"column":48},"end":{"line":26,"column":5}}},"2":{"name":"(anonymous_2)","decl":{"start":{"line":20,"column":26},"end":{"line":20,"column":27}},"loc":{"start":{"line":20,"column":49},"end":{"line":25,"column":9}}},"3":{"name":"(anonymous_3)","decl":{"start":{"line":28,"column":11},"end":{"line":28,"column":16}},"loc":{"start":{"line":28,"column":36},"end":{"line":39,"column":5}}},"4":{"name":"(anonymous_4)","decl":{"start":{"line":41,"column":11},"end":{"line":41,"column":16}},"loc":{"start":{"line":41,"column":39},"end":{"line":47,"column":5}}}},"branchMap":{},"s":{"0":2,"1":5,"2":2,"3":2,"4":1,"5":1,"6":1,"7":1,"8":1,"9":1,"10":2},"f":{"0":5,"1":2,"2":1,"3":1,"4":1},"b":{}}
,"C:\\Users\\Tol\\WebstormProjects\\colony-keeper-api-v2\\src\\Repositories\\ApiaryDatabaseRepository.ts": {"path":"C:\\Users\\Tol\\WebstormProjects\\colony-keeper-api-v2\\src\\Repositories\\ApiaryDatabaseRepository.ts","statementMap":{"0":{"start":{"line":1,"column":0},"end":{"line":1,"column":65}},"1":{"start":{"line":10,"column":8},"end":{"line":10,"column":40}},"2":{"start":{"line":14,"column":27},"end":{"line":14,"column":79}},"3":{"start":{"line":16,"column":8},"end":{"line":18,"column":null}},"4":{"start":{"line":17,"column":12},"end":{"line":17,"column":24}},"5":{"start":{"line":20,"column":35},"end":{"line":20,"column":61}},"6":{"start":{"line":22,"column":8},"end":{"line":29,"column":11}},"7":{"start":{"line":33,"column":30},"end":{"line":37,"column":10}},"8":{"start":{"line":39,"column":8},"end":{"line":44,"column":11}},"9":{"start":{"line":40,"column":12},"end":{"line":43,"column":15}},"10":{"start":{"line":48,"column":31},"end":{"line":52,"column":10}},"11":{"start":{"line":54,"column":8},"end":{"line":54,"column":31}},"12":{"start":{"line":56,"column":8},"end":{"line":56,"column":35}},"13":{"start":{"line":58,"column":8},"end":{"line":58,"column":22}},"14":{"start":{"line":62,"column":8},"end":{"line":66,"column":11}},"15":{"start":{"line":6,"column":0},"end":{"line":6,"column":13}}},"fnMap":{"0":{"name":"(anonymous_0)","decl":{"start":{"line":9,"column":4},"end":{"line":9,"column":24}},"loc":{"start":{"line":9,"column":56},"end":{"line":11,"column":5}}},"1":{"name":"(anonymous_1)","decl":{"start":{"line":13,"column":11},"end":{"line":13,"column":16}},"loc":{"start":{"line":13,"column":43},"end":{"line":30,"column":5}}},"2":{"name":"(anonymous_2)","decl":{"start":{"line":32,"column":11},"end":{"line":32,"column":16}},"loc":{"start":{"line":32,"column":48},"end":{"line":45,"column":5}}},"3":{"name":"(anonymous_3)","decl":{"start":{"line":39,"column":26},"end":{"line":39,"column":27}},"loc":{"start":{"line":39,"column":50},"end":{"line":44,"column":9}}},"4":{"name":"(anonymous_4)","decl":{"start":{"line":47,"column":11},"end":{"line":47,"column":16}},"loc":{"start":{"line":47,"column":38},"end":{"line":59,"column":5}}},"5":{"name":"(anonymous_5)","decl":{"start":{"line":61,"column":11},"end":{"line":61,"column":16}},"loc":{"start":{"line":61,"column":41},"end":{"line":67,"column":5}}}},"branchMap":{"0":{"loc":{"start":{"line":16,"column":8},"end":{"line":18,"column":null}},"type":"if","locations":[{"start":{"line":16,"column":8},"end":{"line":18,"column":null}}]}},"s":{"0":2,"1":5,"2":2,"3":2,"4":1,"5":1,"6":1,"7":2,"8":2,"9":2,"10":3,"11":3,"12":3,"13":3,"14":3,"15":2},"f":{"0":5,"1":2,"2":2,"3":2,"4":3,"5":3},"b":{"0":[1]}}
,"C:\\Users\\Tol\\WebstormProjects\\colony-keeper-api-v2\\src\\Repositories\\HiveDatabaseRepository.ts": {"path":"C:\\Users\\Tol\\WebstormProjects\\colony-keeper-api-v2\\src\\Repositories\\HiveDatabaseRepository.ts","statementMap":{"0":{"start":{"line":1,"column":0},"end":{"line":1,"column":49}},"1":{"start":{"line":10,"column":8},"end":{"line":10,"column":40}},"2":{"start":{"line":14,"column":30},"end":{"line":18,"column":10}},"3":{"start":{"line":20,"column":8},"end":{"line":25,"column":11}},"4":{"start":{"line":21,"column":12},"end":{"line":24,"column":15}},"5":{"start":{"line":29,"column":29},"end":{"line":32,"column":10}},"6":{"start":{"line":34,"column":8},"end":{"line":34,"column":29}},"7":{"start":{"line":36,"column":8},"end":{"line":36,"column":31}},"8":{"start":{"line":38,"column":8},"end":{"line":38,"column":20}},"9":{"start":{"line":42,"column":8},"end":{"line":46,"column":11}},"10":{"start":{"line":6,"column":0},"end":{"line":6,"column":13}}},"fnMap":{"0":{"name":"(anonymous_0)","decl":{"start":{"line":9,"column":4},"end":{"line":9,"column":24}},"loc":{"start":{"line":9,"column":56},"end":{"line":11,"column":5}}},"1":{"name":"(anonymous_1)","decl":{"start":{"line":13,"column":11},"end":{"line":13,"column":16}},"loc":{"start":{"line":13,"column":52},"end":{"line":26,"column":5}}},"2":{"name":"(anonymous_2)","decl":{"start":{"line":20,"column":26},"end":{"line":20,"column":27}},"loc":{"start":{"line":20,"column":48},"end":{"line":25,"column":9}}},"3":{"name":"(anonymous_3)","decl":{"start":{"line":28,"column":11},"end":{"line":28,"column":16}},"loc":{"start":{"line":28,"column":34},"end":{"line":39,"column":5}}},"4":{"name":"(anonymous_4)","decl":{"start":{"line":41,"column":11},"end":{"line":41,"column":16}},"loc":{"start":{"line":41,"column":37},"end":{"line":47,"column":5}}}},"branchMap":{},"s":{"0":2,"1":5,"2":1,"3":1,"4":2,"5":2,"6":2,"7":2,"8":2,"9":2,"10":2},"f":{"0":5,"1":1,"2":2,"3":2,"4":2},"b":{}}
,"C:\\Users\\Tol\\WebstormProjects\\colony-keeper-api-v2\\src\\Repositories\\UserDatabaseRepository.ts": {"path":"C:\\Users\\Tol\\WebstormProjects\\colony-keeper-api-v2\\src\\Repositories\\UserDatabaseRepository.ts","statementMap":{"0":{"start":{"line":1,"column":0},"end":{"line":1,"column":60}},"1":{"start":{"line":10,"column":8},"end":{"line":10,"column":40}},"2":{"start":{"line":14,"column":27},"end":{"line":14,"column":75}},"3":{"start":{"line":16,"column":8},"end":{"line":18,"column":null}},"4":{"start":{"line":17,"column":12},"end":{"line":17,"column":24}},"5":{"start":{"line":20,"column":8},"end":{"line":23,"column":11}},"6":{"start":{"line":27,"column":29},"end":{"line":29,"column":10}},"7":{"start":{"line":31,"column":8},"end":{"line":31,"column":29}},"8":{"start":{"line":33,"column":8},"end":{"line":33,"column":31}},"9":{"start":{"line":35,"column":8},"end":{"line":35,"column":20}},"10":{"start":{"line":39,"column":8},"end":{"line":43,"column":11}},"11":{"start":{"line":6,"column":0},"end":{"line":6,"column":13}}},"fnMap":{"0":{"name":"(anonymous_0)","decl":{"start":{"line":9,"column":4},"end":{"line":9,"column":24}},"loc":{"start":{"line":9,"column":56},"end":{"line":11,"column":5}}},"1":{"name":"(anonymous_1)","decl":{"start":{"line":13,"column":11},"end":{"line":13,"column":16}},"loc":{"start":{"line":13,"column":41},"end":{"line":24,"column":5}}},"2":{"name":"(anonymous_2)","decl":{"start":{"line":26,"column":11},"end":{"line":26,"column":16}},"loc":{"start":{"line":26,"column":34},"end":{"line":36,"column":5}}},"3":{"name":"(anonymous_3)","decl":{"start":{"line":38,"column":11},"end":{"line":38,"column":16}},"loc":{"start":{"line":38,"column":37},"end":{"line":44,"column":5}}}},"branchMap":{"0":{"loc":{"start":{"line":16,"column":8},"end":{"line":18,"column":null}},"type":"if","locations":[{"start":{"line":16,"column":8},"end":{"line":18,"column":null}}]}},"s":{"0":2,"1":5,"2":3,"3":3,"4":1,"5":2,"6":3,"7":3,"8":3,"9":3,"10":3,"11":2},"f":{"0":5,"1":3,"2":3,"3":3},"b":{"0":[1]}}
,"C:\\Users\\Tol\\WebstormProjects\\colony-keeper-api-v2\\src\\Repositories\\Models\\AlertModel.ts": {"path":"C:\\Users\\Tol\\WebstormProjects\\colony-keeper-api-v2\\src\\Repositories\\Models\\AlertModel.ts","statementMap":{"0":{"start":{"line":1,"column":0},"end":{"line":1,"column":56}},"1":{"start":{"line":6,"column":12},"end":{"line":6,"column":40}},"2":{"start":{"line":10,"column":4},"end":{"line":16,"column":7}},"3":{"start":{"line":18,"column":4},"end":{"line":18,"column":17}},"4":{"start":{"line":3,"column":0},"end":{"line":3,"column":16}}},"fnMap":{"0":{"name":"createAlertModel","decl":{"start":{"line":3,"column":16},"end":{"line":3,"column":32}},"loc":{"start":{"line":3,"column":54},"end":{"line":19,"column":1}}},"1":{"name":"(anonymous_1)","decl":{"start":{"line":5,"column":15},"end":{"line":5,"column":21}},"loc":{"start":{"line":5,"column":44},"end":{"line":7,"column":9}}}},"branchMap":{},"s":{"0":2,"1":0,"2":2,"3":2,"4":2},"f":{"0":2,"1":0},"b":{}}
,"C:\\Users\\Tol\\WebstormProjects\\colony-keeper-api-v2\\src\\Repositories\\Models\\ApiaryModel.ts": {"path":"C:\\Users\\Tol\\WebstormProjects\\colony-keeper-api-v2\\src\\Repositories\\Models\\ApiaryModel.ts","statementMap":{"0":{"start":{"line":1,"column":0},"end":{"line":1,"column":56}},"1":{"start":{"line":6,"column":12},"end":{"line":6,"column":40}},"2":{"start":{"line":7,"column":12},"end":{"line":7,"column":38}},"3":{"start":{"line":11,"column":4},"end":{"line":18,"column":7}},"4":{"start":{"line":20,"column":4},"end":{"line":20,"column":18}},"5":{"start":{"line":3,"column":0},"end":{"line":3,"column":16}}},"fnMap":{"0":{"name":"createApiaryModel","decl":{"start":{"line":3,"column":16},"end":{"line":3,"column":33}},"loc":{"start":{"line":3,"column":55},"end":{"line":21,"column":1}}},"1":{"name":"(anonymous_1)","decl":{"start":{"line":5,"column":15},"end":{"line":5,"column":21}},"loc":{"start":{"line":5,"column":44},"end":{"line":8,"column":9}}}},"branchMap":{},"s":{"0":2,"1":0,"2":0,"3":2,"4":2,"5":2},"f":{"0":2,"1":0},"b":{}}
,"C:\\Users\\Tol\\WebstormProjects\\colony-keeper-api-v2\\src\\Repositories\\Models\\HiveModel.ts": {"path":"C:\\Users\\Tol\\WebstormProjects\\colony-keeper-api-v2\\src\\Repositories\\Models\\HiveModel.ts","statementMap":{"0":{"start":{"line":1,"column":0},"end":{"line":1,"column":56}},"1":{"start":{"line":6,"column":12},"end":{"line":6,"column":42}},"2":{"start":{"line":7,"column":12},"end":{"line":7,"column":37}},"3":{"start":{"line":8,"column":12},"end":{"line":8,"column":40}},"4":{"start":{"line":9,"column":12},"end":{"line":9,"column":40}},"5":{"start":{"line":10,"column":12},"end":{"line":10,"column":39}},"6":{"start":{"line":14,"column":4},"end":{"line":20,"column":7}},"7":{"start":{"line":22,"column":4},"end":{"line":22,"column":16}},"8":{"start":{"line":3,"column":0},"end":{"line":3,"column":16}}},"fnMap":{"0":{"name":"createHiveModel","decl":{"start":{"line":3,"column":16},"end":{"line":3,"column":31}},"loc":{"start":{"line":3,"column":53},"end":{"line":23,"column":1}}},"1":{"name":"(anonymous_1)","decl":{"start":{"line":5,"column":15},"end":{"line":5,"column":21}},"loc":{"start":{"line":5,"column":44},"end":{"line":11,"column":9}}}},"branchMap":{},"s":{"0":2,"1":0,"2":0,"3":0,"4":0,"5":0,"6":2,"7":2,"8":2},"f":{"0":2,"1":0},"b":{}}
,"C:\\Users\\Tol\\WebstormProjects\\colony-keeper-api-v2\\src\\Repositories\\Models\\UserModel.ts": {"path":"C:\\Users\\Tol\\WebstormProjects\\colony-keeper-api-v2\\src\\Repositories\\Models\\UserModel.ts","statementMap":{"0":{"start":{"line":3,"column":0},"end":{"line":3,"column":56}},"1":{"start":{"line":8,"column":12},"end":{"line":8,"column":40}},"2":{"start":{"line":9,"column":12},"end":{"line":9,"column":40}},"3":{"start":{"line":13,"column":4},"end":{"line":19,"column":7}},"4":{"start":{"line":21,"column":4},"end":{"line":21,"column":16}},"5":{"start":{"line":5,"column":0},"end":{"line":5,"column":16}}},"fnMap":{"0":{"name":"createUserModel","decl":{"start":{"line":5,"column":16},"end":{"line":5,"column":31}},"loc":{"start":{"line":5,"column":53},"end":{"line":22,"column":1}}},"1":{"name":"(anonymous_1)","decl":{"start":{"line":7,"column":15},"end":{"line":7,"column":21}},"loc":{"start":{"line":7,"column":44},"end":{"line":10,"column":9}}}},"branchMap":{},"s":{"0":2,"1":0,"2":0,"3":2,"4":2,"5":2},"f":{"0":2,"1":0},"b":{}}
,"C:\\Users\\Tol\\WebstormProjects\\colony-keeper-api-v2\\src\\Resolvers\\Apiary\\apiaryDetails.ts": {"path":"C:\\Users\\Tol\\WebstormProjects\\colony-keeper-api-v2\\src\\Resolvers\\Apiary\\apiaryDetails.ts","statementMap":{"0":{"start":{"line":2,"column":0},"end":{"line":2,"column":90}},"1":{"start":{"line":6,"column":13},"end":{"line":26,"column":2}},"2":{"start":{"line":37,"column":18},"end":{"line":37,"column":25}},"3":{"start":{"line":39,"column":47},"end":{"line":39,"column":53}},"4":{"start":{"line":41,"column":39},"end":{"line":45,"column":6}},"5":{"start":{"line":47,"column":44},"end":{"line":47,"column":58}},"6":{"start":{"line":49,"column":4},"end":{"line":56,"column":7}},"7":{"start":{"line":51,"column":12},"end":{"line":51,"column":29}},"8":{"start":{"line":54,"column":12},"end":{"line":54,"column":75}},"9":{"start":{"line":58,"column":4},"end":{"line":60,"column":null}},"10":{"start":{"line":59,"column":8},"end":{"line":59,"column":51}},"11":{"start":{"line":62,"column":4},"end":{"line":62,"column":18}},"12":{"start":{"line":30,"column":0},"end":{"line":30,"column":7}}},"fnMap":{"0":{"name":"apiaryDetailsResolver","decl":{"start":{"line":30,"column":22},"end":{"line":30,"column":43}},"loc":{"start":{"line":30,"column":83},"end":{"line":63,"column":1}}},"1":{"name":"(anonymous_1)","decl":{"start":{"line":50,"column":17},"end":{"line":50,"column":18}},"loc":{"start":{"line":50,"column":51},"end":{"line":52,"column":9}}},"2":{"name":"(anonymous_2)","decl":{"start":{"line":53,"column":24},"end":{"line":53,"column":25}},"loc":{"start":{"line":53,"column":51},"end":{"line":55,"column":9}}}},"branchMap":{"0":{"loc":{"start":{"line":58,"column":4},"end":{"line":60,"column":null}},"type":"if","locations":[{"start":{"line":58,"column":4},"end":{"line":60,"column":null}}]}},"s":{"0":2,"1":2,"2":2,"3":2,"4":2,"5":2,"6":2,"7":1,"8":1,"9":1,"10":0,"11":1,"12":2},"f":{"0":2,"1":1,"2":1},"b":{"0":[0]}}
,"C:\\Users\\Tol\\WebstormProjects\\colony-keeper-api-v2\\src\\Resolvers\\Apiary\\apiaryList.ts": {"path":"C:\\Users\\Tol\\WebstormProjects\\colony-keeper-api-v2\\src\\Resolvers\\Apiary\\apiaryList.ts","statementMap":{"0":{"start":{"line":2,"column":0},"end":{"line":2,"column":69}},"1":{"start":{"line":6,"column":13},"end":{"line":15,"column":2}},"2":{"start":{"line":25,"column":18},"end":{"line":25,"column":25}},"3":{"start":{"line":27,"column":43},"end":{"line":27,"column":49}},"4":{"start":{"line":29,"column":34},"end":{"line":32,"column":6}},"5":{"start":{"line":34,"column":48},"end":{"line":34,"column":62}},"6":{"start":{"line":36,"column":4},"end":{"line":43,"column":7}},"7":{"start":{"line":38,"column":12},"end":{"line":38,"column":30}},"8":{"start":{"line":41,"column":12},"end":{"line":41,"column":71}},"9":{"start":{"line":45,"column":4},"end":{"line":47,"column":null}},"10":{"start":{"line":46,"column":8},"end":{"line":46,"column":51}},"11":{"start":{"line":49,"column":4},"end":{"line":49,"column":18}},"12":{"start":{"line":19,"column":0},"end":{"line":19,"column":7}}},"fnMap":{"0":{"name":"apiaryListResolver","decl":{"start":{"line":19,"column":22},"end":{"line":19,"column":40}},"loc":{"start":{"line":19,"column":80},"end":{"line":50,"column":1}}},"1":{"name":"(anonymous_1)","decl":{"start":{"line":37,"column":17},"end":{"line":37,"column":18}},"loc":{"start":{"line":37,"column":56},"end":{"line":39,"column":9}}},"2":{"name":"(anonymous_2)","decl":{"start":{"line":40,"column":22},"end":{"line":40,"column":23}},"loc":{"start":{"line":40,"column":47},"end":{"line":42,"column":9}}}},"branchMap":{"0":{"loc":{"start":{"line":45,"column":4},"end":{"line":47,"column":null}},"type":"if","locations":[{"start":{"line":45,"column":4},"end":{"line":47,"column":null}}]}},"s":{"0":2,"1":2,"2":3,"3":3,"4":3,"5":3,"6":3,"7":2,"8":1,"9":2,"10":0,"11":2,"12":2},"f":{"0":3,"1":2,"2":1},"b":{"0":[0]}}
,"C:\\Users\\Tol\\WebstormProjects\\colony-keeper-api-v2\\src\\Resolvers\\Apiary\\index.ts": {"path":"C:\\Users\\Tol\\WebstormProjects\\colony-keeper-api-v2\\src\\Resolvers\\Apiary\\index.ts","statementMap":{"0":{"start":{"line":1,"column":0},"end":{"line":1,"column":77}},"1":{"start":{"line":2,"column":0},"end":{"line":2,"column":68}},"2":{"start":{"line":4,"column":13},"end":{"line":4,"column":72}},"3":{"start":{"line":6,"column":13},"end":{"line":11,"column":2}}},"fnMap":{},"branchMap":{},"s":{"0":2,"1":2,"2":2,"3":2},"f":{},"b":{}}
,"C:\\Users\\Tol\\WebstormProjects\\colony-keeper-api-v2\\tests\\TestFixture.ts": {"path":"C:\\Users\\Tol\\WebstormProjects\\colony-keeper-api-v2\\tests\\TestFixture.ts","statementMap":{"0":{"start":{"line":4,"column":0},"end":{"line":4,"column":48}},"1":{"start":{"line":17,"column":28},"end":{"line":17,"column":30}},"2":{"start":{"line":20,"column":32},"end":{"line":20,"column":61}},"3":{"start":{"line":22,"column":8},"end":{"line":22,"column":30}},"4":{"start":{"line":24,"column":8},"end":{"line":24,"column":24}},"5":{"start":{"line":28,"column":8},"end":{"line":30,"column":null}},"6":{"start":{"line":28,"column":29},"end":{"line":28,"column":30}},"7":{"start":{"line":29,"column":12},"end":{"line":29,"column":48}},"8":{"start":{"line":33,"column":4},"end":{"line":33,"column":29}},"9":{"start":{"line":52,"column":8},"end":{"line":52,"column":45}},"10":{"start":{"line":54,"column":72},"end":{"line":54,"column":121}},"11":{"start":{"line":55,"column":76},"end":{"line":55,"column":126}},"12":{"start":{"line":56,"column":69},"end":{"line":56,"column":117}},"13":{"start":{"line":57,"column":69},"end":{"line":57,"column":117}},"14":{"start":{"line":59,"column":8},"end":{"line":64,"column":10}},"15":{"start":{"line":66,"column":8},"end":{"line":71,"column":10}},"16":{"start":{"line":75,"column":8},"end":{"line":75,"column":40}},"17":{"start":{"line":76,"column":8},"end":{"line":76,"column":39}},"18":{"start":{"line":77,"column":8},"end":{"line":77,"column":41}},"19":{"start":{"line":78,"column":8},"end":{"line":78,"column":39}},"20":{"start":{"line":82,"column":8},"end":{"line":82,"column":44}},"21":{"start":{"line":86,"column":8},"end":{"line":86,"column":46}},"22":{"start":{"line":90,"column":8},"end":{"line":90,"column":42}},"23":{"start":{"line":94,"column":8},"end":{"line":94,"column":42}},"24":{"start":{"line":36,"column":0},"end":{"line":36,"column":13}}},"fnMap":{"0":{"name":"createTestFactory","decl":{"start":{"line":16,"column":9},"end":{"line":16,"column":26}},"loc":{"start":{"line":16,"column":73},"end":{"line":34,"column":1}}},"1":{"name":"create","decl":{"start":{"line":19,"column":19},"end":{"line":19,"column":25}},"loc":{"start":{"line":19,"column":40},"end":{"line":25,"column":5}}},"2":{"name":"destroy","decl":{"start":{"line":27,"column":19},"end":{"line":27,"column":26}},"loc":{"start":{"line":27,"column":26},"end":{"line":31,"column":5}}},"3":{"name":"(anonymous_3)","decl":{"start":{"line":51,"column":11},"end":{"line":51,"column":16}},"loc":{"start":{"line":51,"column":22},"end":{"line":72,"column":5}}},"4":{"name":"(anonymous_4)","decl":{"start":{"line":74,"column":11},"end":{"line":74,"column":16}},"loc":{"start":{"line":74,"column":25},"end":{"line":79,"column":5}}},"5":{"name":"(anonymous_5)","decl":{"start":{"line":81,"column":11},"end":{"line":81,"column":16}},"loc":{"start":{"line":81,"column":43},"end":{"line":83,"column":5}}},"6":{"name":"(anonymous_6)","decl":{"start":{"line":85,"column":11},"end":{"line":85,"column":16}},"loc":{"start":{"line":85,"column":46},"end":{"line":87,"column":5}}},"7":{"name":"(anonymous_7)","decl":{"start":{"line":89,"column":11},"end":{"line":89,"column":16}},"loc":{"start":{"line":89,"column":40},"end":{"line":91,"column":5}}},"8":{"name":"(anonymous_8)","decl":{"start":{"line":93,"column":11},"end":{"line":93,"column":16}},"loc":{"start":{"line":93,"column":40},"end":{"line":95,"column":5}}}},"branchMap":{},"s":{"0":2,"1":20,"2":9,"3":9,"4":9,"5":20,"6":20,"7":9,"8":20,"9":5,"10":5,"11":5,"12":5,"13":5,"14":5,"15":5,"16":5,"17":5,"18":5,"19":5,"20":1,"21":3,"22":2,"23":3,"24":2},"f":{"0":20,"1":9,"2":20,"3":5,"4":5,"5":1,"6":3,"7":2,"8":3},"b":{}}
,"C:\\Users\\Tol\\WebstormProjects\\colony-keeper-api-v2\\tests\\createContext.ts": {"path":"C:\\Users\\Tol\\WebstormProjects\\colony-keeper-api-v2\\tests\\createContext.ts","statementMap":{"0":{"start":{"line":1,"column":0},"end":{"line":1,"column":69}},"1":{"start":{"line":2,"column":0},"end":{"line":2,"column":86}},"2":{"start":{"line":3,"column":0},"end":{"line":3,"column":88}},"3":{"start":{"line":4,"column":0},"end":{"line":4,"column":84}},"4":{"start":{"line":5,"column":0},"end":{"line":5,"column":84}},"5":{"start":{"line":9,"column":4},"end":{"line":9,"column":45}},"6":{"start":{"line":11,"column":4},"end":{"line":18,"column":6}},"7":{"start":{"line":8,"column":0},"end":{"line":8,"column":7}}},"fnMap":{"0":{"name":"createContext","decl":{"start":{"line":8,"column":22},"end":{"line":8,"column":35}},"loc":{"start":{"line":8,"column":35},"end":{"line":19,"column":1}}}},"branchMap":{},"s":{"0":2,"1":2,"2":2,"3":2,"4":2,"5":5,"6":5,"7":2},"f":{"0":5},"b":{}}
,"C:\\Users\\Tol\\WebstormProjects\\colony-keeper-api-v2\\tests\\getResponseBody.ts": {"path":"C:\\Users\\Tol\\WebstormProjects\\colony-keeper-api-v2\\tests\\getResponseBody.ts","statementMap":{"0":{"start":{"line":5,"column":4},"end":{"line":7,"column":null}},"1":{"start":{"line":6,"column":8},"end":{"line":6,"column":40}},"2":{"start":{"line":9,"column":4},"end":{"line":9,"column":38}},"3":{"start":{"line":4,"column":0},"end":{"line":4,"column":16}}},"fnMap":{"0":{"name":"getResponseBody","decl":{"start":{"line":4,"column":16},"end":{"line":4,"column":31}},"loc":{"start":{"line":4,"column":72},"end":{"line":10,"column":1}}}},"branchMap":{"0":{"loc":{"start":{"line":5,"column":4},"end":{"line":7,"column":null}},"type":"if","locations":[{"start":{"line":5,"column":4},"end":{"line":7,"column":null}}]}},"s":{"0":5,"1":0,"2":5,"3":2},"f":{"0":5},"b":{"0":[0]}}
}
