TN:
SF:src\server.ts
FN:8,mergeResolvers
FN:11,(anonymous_1)
FN:12,(anonymous_2)
FN:46,(anonymous_3)
FN:48,(anonymous_4)
FNF:5
FNH:4
FNDA:2,mergeResolvers
FNDA:2,(anonymous_1)
FNDA:2,(anonymous_2)
FNDA:2,(anonymous_3)
FNDA:0,(anonymous_4)
DA:1,2
DA:4,2
DA:5,2
DA:9,2
DA:11,2
DA:12,2
DA:13,2
DA:14,2
DA:17,2
DA:24,2
DA:27,2
DA:41,2
DA:47,2
DA:49,0
LF:14
LH:13
BRDA:13,0,0,2
BRF:1
BRH:1
end_of_record
TN:
SF:src\DataSources\DatabaseContext.ts
FN:9,(anonymous_1)
FN:22,(anonymous_2)
FN:30,(anonymous_3)
FN:62,(anonymous_4)
FN:66,(anonymous_5)
FNF:5
FNH:4
FNDA:2,(anonymous_1)
FNDA:25,(anonymous_2)
FNDA:5,(anonymous_3)
FNDA:0,(anonymous_4)
FNDA:2,(anonymous_5)
DA:1,2
DA:3,2
DA:4,2
DA:5,2
DA:6,2
DA:7,2
DA:9,2
DA:19,2
DA:20,2
DA:23,25
DA:24,2
DA:27,25
DA:31,5
DA:32,3
DA:35,2
DA:36,0
DA:38,0
DA:39,0
DA:42,0
DA:45,2
DA:47,2
DA:55,2
DA:57,2
DA:59,2
DA:63,0
DA:67,2
DA:68,2
DA:75,0
LF:28
LH:22
BRDA:23,0,0,2
BRDA:31,1,0,3
BRDA:35,2,0,0
BRDA:38,3,0,0
BRDA:45,4,0,2
BRDA:45,4,1,0
BRF:6
BRH:3
end_of_record
TN:
SF:src\Repositories\AlertDatabaseRepository.ts
FN:9,(anonymous_0)
FN:13,(anonymous_1)
FN:20,(anonymous_2)
FN:28,(anonymous_3)
FN:41,(anonymous_4)
FNF:5
FNH:5
FNDA:5,(anonymous_0)
FNDA:2,(anonymous_1)
FNDA:1,(anonymous_2)
FNDA:1,(anonymous_3)
FNDA:1,(anonymous_4)
DA:1,2
DA:6,2
DA:10,5
DA:14,2
DA:20,2
DA:21,1
DA:29,1
DA:34,1
DA:36,1
DA:38,1
DA:42,1
LF:11
LH:11
BRF:0
BRH:0
end_of_record
TN:
SF:src\Repositories\ApiaryDatabaseRepository.ts
FN:9,(anonymous_0)
FN:13,(anonymous_1)
FN:32,(anonymous_2)
FN:39,(anonymous_3)
FN:47,(anonymous_4)
FN:61,(anonymous_5)
FNF:6
FNH:6
FNDA:5,(anonymous_0)
FNDA:2,(anonymous_1)
FNDA:2,(anonymous_2)
FNDA:2,(anonymous_3)
FNDA:3,(anonymous_4)
FNDA:3,(anonymous_5)
DA:1,2
DA:6,2
DA:10,5
DA:14,2
DA:16,2
DA:17,1
DA:20,1
DA:22,1
DA:33,2
DA:39,2
DA:40,2
DA:48,3
DA:54,3
DA:56,3
DA:58,3
DA:62,3
LF:16
LH:16
BRDA:16,0,0,1
BRF:1
BRH:1
end_of_record
TN:
SF:src\Repositories\HiveDatabaseRepository.ts
FN:9,(anonymous_0)
FN:13,(anonymous_1)
FN:20,(anonymous_2)
FN:28,(anonymous_3)
FN:41,(anonymous_4)
FNF:5
FNH:5
FNDA:5,(anonymous_0)
FNDA:1,(anonymous_1)
FNDA:2,(anonymous_2)
FNDA:2,(anonymous_3)
FNDA:2,(anonymous_4)
DA:1,2
DA:6,2
DA:10,5
DA:14,1
DA:20,1
DA:21,2
DA:29,2
DA:34,2
DA:36,2
DA:38,2
DA:42,2
LF:11
LH:11
BRF:0
BRH:0
end_of_record
TN:
SF:src\Repositories\UserDatabaseRepository.ts
FN:9,(anonymous_0)
FN:13,(anonymous_1)
FN:26,(anonymous_2)
FN:38,(anonymous_3)
FNF:4
FNH:4
FNDA:5,(anonymous_0)
FNDA:3,(anonymous_1)
FNDA:3,(anonymous_2)
FNDA:3,(anonymous_3)
DA:1,2
DA:6,2
DA:10,5
DA:14,3
DA:16,3
DA:17,1
DA:20,2
DA:27,3
DA:31,3
DA:33,3
DA:35,3
DA:39,3
LF:12
LH:12
BRDA:16,0,0,1
BRF:1
BRH:1
end_of_record
TN:
SF:src\Repositories\Models\AlertModel.ts
FN:3,createAlertModel
FN:5,(anonymous_1)
FNF:2
FNH:1
FNDA:2,createAlertModel
FNDA:0,(anonymous_1)
DA:1,2
DA:3,2
DA:6,0
DA:10,2
DA:18,2
LF:5
LH:4
BRF:0
BRH:0
end_of_record
TN:
SF:src\Repositories\Models\ApiaryModel.ts
FN:3,createApiaryModel
FN:5,(anonymous_1)
FNF:2
FNH:1
FNDA:2,createApiaryModel
FNDA:0,(anonymous_1)
DA:1,2
DA:3,2
DA:6,0
DA:7,0
DA:11,2
DA:20,2
LF:6
LH:4
BRF:0
BRH:0
end_of_record
TN:
SF:src\Repositories\Models\HiveModel.ts
FN:3,createHiveModel
FN:5,(anonymous_1)
FNF:2
FNH:1
FNDA:2,createHiveModel
FNDA:0,(anonymous_1)
DA:1,2
DA:3,2
DA:6,0
DA:7,0
DA:8,0
DA:9,0
DA:10,0
DA:14,2
DA:22,2
LF:9
LH:4
BRF:0
BRH:0
end_of_record
TN:
SF:src\Repositories\Models\UserModel.ts
FN:5,createUserModel
FN:7,(anonymous_1)
FNF:2
FNH:1
FNDA:2,createUserModel
FNDA:0,(anonymous_1)
DA:3,2
DA:5,2
DA:8,0
DA:9,0
DA:13,2
DA:21,2
LF:6
LH:4
BRF:0
BRH:0
end_of_record
TN:
SF:src\Resolvers\Apiary\viewApiaryDetails.ts
FN:30,apiaryDetailsResolver
FN:50,(anonymous_1)
FN:53,(anonymous_2)
FNF:3
FNH:3
FNDA:2,apiaryDetailsResolver
FNDA:1,(anonymous_1)
FNDA:1,(anonymous_2)
DA:2,2
DA:6,2
DA:30,2
DA:37,2
DA:39,2
DA:41,2
DA:47,2
DA:49,2
DA:51,1
DA:54,1
DA:58,1
DA:59,0
DA:62,1
LF:13
LH:12
BRDA:58,0,0,0
BRF:1
BRH:0
end_of_record
TN:
SF:src\Resolvers\Apiary\viewApiaryList.ts
FN:19,apiaryListResolver
FN:37,(anonymous_1)
FN:40,(anonymous_2)
FNF:3
FNH:3
FNDA:3,apiaryListResolver
FNDA:2,(anonymous_1)
FNDA:1,(anonymous_2)
DA:2,2
DA:6,2
DA:19,2
DA:25,3
DA:27,3
DA:29,3
DA:34,3
DA:36,3
DA:38,2
DA:41,1
DA:45,2
DA:46,0
DA:49,2
LF:13
LH:12
BRDA:45,0,0,0
BRF:1
BRH:0
end_of_record
TN:
SF:src\Resolvers\Apiary\index.ts
FNF:0
FNH:0
DA:1,2
DA:2,2
DA:4,2
DA:6,2
LF:4
LH:4
BRF:0
BRH:0
end_of_record
TN:
SF:tests\TestFixture.ts
FN:16,createTestFactory
FN:19,create
FN:27,destroy
FN:51,(anonymous_3)
FN:74,(anonymous_4)
FN:81,(anonymous_5)
FN:85,(anonymous_6)
FN:89,(anonymous_7)
FN:93,(anonymous_8)
FNF:9
FNH:9
FNDA:20,createTestFactory
FNDA:9,create
FNDA:20,destroy
FNDA:5,(anonymous_3)
FNDA:5,(anonymous_4)
FNDA:1,(anonymous_5)
FNDA:3,(anonymous_6)
FNDA:2,(anonymous_7)
FNDA:3,(anonymous_8)
DA:4,2
DA:17,20
DA:20,9
DA:22,9
DA:24,9
DA:28,20
DA:29,9
DA:33,20
DA:36,2
DA:52,5
DA:54,5
DA:55,5
DA:56,5
DA:57,5
DA:59,5
DA:66,5
DA:75,5
DA:76,5
DA:77,5
DA:78,5
DA:82,1
DA:86,3
DA:90,2
DA:94,3
LF:24
LH:24
BRF:0
BRH:0
end_of_record
TN:
SF:tests\createContext.ts
FN:8,createContext
FNF:1
FNH:1
FNDA:5,createContext
DA:1,2
DA:2,2
DA:3,2
DA:4,2
DA:5,2
DA:8,2
DA:9,5
DA:11,5
LF:8
LH:8
BRF:0
BRH:0
end_of_record
TN:
SF:tests\getResponseBody.ts
FN:4,getResponseBody
FNF:1
FNH:1
FNDA:5,getResponseBody
DA:4,2
DA:5,5
DA:6,0
DA:9,5
LF:4
LH:3
BRDA:5,0,0,0
BRF:1
BRH:0
end_of_record
